build/app/outputs/mapping/release/mapping.txt
# compiler: R8
# compiler_version: 2.1.62
# min_api: 16
# pg_map_id: 8a10f6b
# common_typos_disable
...
com.google.android.gms.common.internal.ResolveAccountRequest -> com.google.android.gms.common.internal.p:
    android.accounts.Account zax -> b
    com.google.android.gms.auth.api.signin.GoogleSignInAccount zapb -> d
    int zapa -> c
    int zalf -> a
    android.accounts.Account getAccount() -> b
    int getSessionId() -> c
    com.google.android.gms.auth.api.signin.GoogleSignInAccount getSignInAccountHint() -> d
com.google.android.gms.common.internal.ResolveAccountResponse -> com.google.android.gms.common.internal.q:
    android.os.IBinder zanx -> b
    com.google.android.gms.common.ConnectionResult zadi -> c
    boolean zapc -> e
    int zalf -> a
    boolean zagg -> d
    com.google.android.gms.common.internal.IAccountAccessor getAccountAccessor() -> b
    com.google.android.gms.common.ConnectionResult getConnectionResult() -> c
    boolean getSaveDefaultAccount() -> d
    boolean isFromCrossClientAuth() -> e
com.google.android.gms.common.internal.SimpleClientAdapter -> com.google.android.gms.common.internal.r:
    com.google.android.gms.common.api.Api$SimpleClient zapg -> x
    void onSetConnectState(int,android.os.IInterface) -> G
    com.google.android.gms.common.api.Api$SimpleClient getClient() -> i0
    java.lang.String getStartServiceAction() -> k
    java.lang.String getServiceDescriptor() -> n
    int getMinApkVersion() -> p
    android.os.IInterface createServiceInterface(android.os.IBinder) -> q
com.google.android.gms.common.internal.safeparcel.AbstractSafeParcelable -> com.google.android.gms.common.internal.s.a:
com.google.android.gms.common.internal.safeparcel.SafeParcelReader -> com.google.android.gms.common.internal.s.b:
    android.os.Bundle createBundle(android.os.Parcel,int) -> a
    byte[] createByteArray(android.os.Parcel,int) -> b
    android.os.Parcelable createParcelable(android.os.Parcel,int,android.os.Parcelable$Creator) -> c
    java.lang.String createString(android.os.Parcel,int) -> d
    java.lang.Object[] createTypedArray(android.os.Parcel,int,android.os.Parcelable$Creator) -> e
    java.util.ArrayList createTypedList(android.os.Parcel,int,android.os.Parcelable$Creator) -> f
    void ensureAtEnd(android.os.Parcel,int) -> g
    int getFieldId(int) -> h
    boolean readBoolean(android.os.Parcel,int) -> i
    byte readByte(android.os.Parcel,int) -> j
    double readDouble(android.os.Parcel,int) -> k
    float readFloat(android.os.Parcel,int) -> l
    java.lang.Float readFloatObject(android.os.Parcel,int) -> m
    int readHeader(android.os.Parcel) -> n
    android.os.IBinder readIBinder(android.os.Parcel,int) -> o
    int readInt(android.os.Parcel,int) -> p
    void readList(android.os.Parcel,int,java.util.List,java.lang.ClassLoader) -> q
    long readLong(android.os.Parcel,int) -> r
    int readSize(android.os.Parcel,int) -> s
    void skipUnknownField(android.os.Parcel,int) -> t
    int validateObjectHeader(android.os.Parcel) -> u
    void zza(android.os.Parcel,int,int) -> v
    void zza(android.os.Parcel,int,int,int) -> w
com.google.android.gms.common.internal.safeparcel.SafeParcelReader$ParseException -> com.google.android.gms.common.internal.s.b$a: