build/app/outputs/mapping/release/usage.txt
com.example.aire_limpio.R$integer
com.example.aire_limpio.R$dimen
com.example.aire_limpio.R
com.example.aire_limpio.R$mipmap
com.example.aire_limpio.R$style
com.example.aire_limpio.BuildConfig
com.example.aire_limpio.R$layout
com.example.aire_limpio.R$string
com.example.aire_limpio.R$attr
com.example.aire_limpio.R$styleable
com.example.aire_limpio.R$color
com.example.aire_limpio.R$id
com.example.aire_limpio.R$drawable
...
kotlin.sequences.SequencesKt___SequencesKt$minus$2
androidx.core.os.UserManagerCompat
org.intellij.lang.annotations.PrintFormat
com.google.android.gms.common.data.EntityBuffer
androidx.core.util.AtomicFile
androidx.lifecycle.LiveData:
    public void observeForever(androidx.lifecycle.Observer)
    public void removeObservers(androidx.lifecycle.LifecycleOwner)
    protected void postValue(java.lang.Object)
    int getVersion()
    public boolean hasObservers()
    static final int START_VERSION
androidx.annotation.CallSuper
kotlin.ULongArrayKt
kotlin.coroutines.CoroutineContext$Element$DefaultImpls
com.google.android.gms.common.internal.zae
androidx.loader.R$layout
androidx.core.view.ViewPropertyAnimatorCompat$1
kotlin.UShort$Companion
io.flutter.embedding.engine.loader.ResourceExtractor$1
kotlin.jvm.internal.ArrayByteIterator
kotlin.collections.ArraysKt___ArraysKt$asIterable$$inlined$Iterable$9
kotlin.reflect.KProperty1
kotlin.sequences.SequencesKt___SequencesKt$elementAt$1
kotlin.collections.MapsKt___MapsKt
com.google.android.gms.auth.api.signin.GoogleSignInOptionsExtension
kotlin.jvm.internal.PropertyReference2Impl
androidx.customview.widget.ExploreByTouchHelper$MyNodeProvider
com.google.android.gms.common.internal.service.zaj
kotlin.text.CharsetsKt
com.google.android.gms.common.server.FavaDiagnosticsEntity
androidx.core.app.ShareCompat$IntentBuilder
androidx.fragment.app.FragmentManagerNonConfig
androidx.viewpager.widget.ViewPager$OnPageChangeListener
kotlin.coroutines.experimental.CoroutineContext$DefaultImpls
com.google.android.gms.common.api.internal.zabx
com.google.android.gms.internal.maps.zzh:
    public abstract com.google.android.gms.maps.model.LatLng getCenter()
    public abstract double getRadius()
    public abstract float getStrokeWidth()
    public abstract int getStrokeColor()
    public abstract int getFillColor()
    public abstract float getZIndex()
    public abstract boolean isVisible()
    public abstract boolean isClickable()
    public abstract void setStrokePattern(java.util.List)
    public abstract java.util.List getStrokePattern()
    public abstract void zze(com.google.android.gms.dynamic.IObjectWrapper)
    public abstract com.google.android.gms.dynamic.IObjectWrapper zzk()
com.google.android.gms.common.api.internal.GoogleApiManager$zaa:
    public final void zaa(com.google.android.gms.common.ConnectionResult,com.google.android.gms.common.api.Api,boolean)
    final com.google.android.gms.signin.zad zabq()
io.flutter.embedding.engine.plugins.broadcastreceiver.BroadcastReceiverPluginBinding:
    public abstract android.content.BroadcastReceiver getBroadcastReceiver()
kotlin.sequences.IndexingSequence$iterator$1
androidx.core.app.SharedElementCallback$OnSharedElementsReadyListener
androidx.core.view.MenuCompat
com.google.android.gms.tasks.zzm
androidx.core.view.MenuItemCompat
kotlin.reflect.KParameter
kotlin.ULong$Companion
kotlin.ranges.IntRange
io.flutter.plugin.common.ActivityLifecycleListener